TN:
SF:database.js
FN:6,(anonymous_0)
FN:11,(anonymous_1)
FN:14,(anonymous_2)
FN:15,(anonymous_3)
FN:27,(anonymous_4)
FN:37,(anonymous_5)
FN:59,(anonymous_6)
FN:60,(anonymous_7)
FN:61,(anonymous_8)
FN:78,(anonymous_9)
FN:79,(anonymous_10)
FN:96,(anonymous_11)
FN:97,(anonymous_12)
FN:99,(anonymous_13)
FN:109,(anonymous_14)
FN:110,(anonymous_15)
FN:119,(anonymous_16)
FN:129,(anonymous_17)
FN:130,(anonymous_18)
FN:137,(anonymous_19)
FN:147,(anonymous_20)
FN:148,(anonymous_21)
FN:155,(anonymous_22)
FN:165,(anonymous_23)
FN:166,(anonymous_24)
FN:168,(anonymous_25)
FN:178,(anonymous_26)
FN:179,(anonymous_27)
FN:181,(anonymous_28)
FN:191,(anonymous_29)
FN:193,(anonymous_30)
FNF:31
FNH:28
FNDA:7,(anonymous_0)
FNDA:7,(anonymous_1)
FNDA:7,(anonymous_2)
FNDA:7,(anonymous_3)
FNDA:7,(anonymous_4)
FNDA:7,(anonymous_5)
FNDA:7,(anonymous_6)
FNDA:7,(anonymous_7)
FNDA:7,(anonymous_8)
FNDA:14,(anonymous_9)
FNDA:14,(anonymous_10)
FNDA:5,(anonymous_11)
FNDA:5,(anonymous_12)
FNDA:5,(anonymous_13)
FNDA:1,(anonymous_14)
FNDA:1,(anonymous_15)
FNDA:1,(anonymous_16)
FNDA:1,(anonymous_17)
FNDA:1,(anonymous_18)
FNDA:1,(anonymous_19)
FNDA:2,(anonymous_20)
FNDA:2,(anonymous_21)
FNDA:2,(anonymous_22)
FNDA:6,(anonymous_23)
FNDA:6,(anonymous_24)
FNDA:6,(anonymous_25)
FNDA:0,(anonymous_26)
FNDA:0,(anonymous_27)
FNDA:0,(anonymous_28)
FNDA:6,(anonymous_29)
FNDA:4,(anonymous_30)
DA:1,2
DA:2,2
DA:3,2
DA:7,7
DA:8,7
DA:12,7
DA:14,7
DA:15,7
DA:16,7
DA:17,0
DA:18,0
DA:19,0
DA:22,7
DA:24,7
DA:25,7
DA:26,7
DA:27,7
DA:30,0
DA:31,0
DA:38,7
DA:54,7
DA:59,7
DA:60,7
DA:61,7
DA:62,7
DA:63,0
DA:64,0
DA:65,0
DA:67,7
DA:70,7
DA:71,7
DA:73,7
DA:74,0
DA:75,0
DA:78,7
DA:79,14
DA:80,14
DA:81,0
DA:82,0
DA:83,0
DA:85,14
DA:86,14
DA:87,7
DA:97,5
DA:98,5
DA:99,5
DA:100,5
DA:101,0
DA:103,5
DA:110,1
DA:111,1
DA:115,1
DA:119,1
DA:120,1
DA:121,0
DA:123,1
DA:130,1
DA:131,1
DA:137,1
DA:138,1
DA:139,0
DA:141,1
DA:148,2
DA:149,2
DA:155,2
DA:156,2
DA:157,0
DA:159,2
DA:166,6
DA:167,6
DA:168,6
DA:169,6
DA:170,0
DA:172,6
DA:179,0
DA:180,0
DA:181,0
DA:182,0
DA:183,0
DA:185,0
DA:192,6
DA:193,6
DA:194,4
DA:195,0
DA:197,4
DA:204,2
LF:86
LH:61
BRDA:6,0,0,0
BRDA:16,1,0,0
BRDA:16,1,1,7
BRDA:24,2,0,7
BRDA:24,2,1,0
BRDA:62,3,0,0
BRDA:62,3,1,7
BRDA:73,4,0,0
BRDA:73,4,1,7
BRDA:80,5,0,0
BRDA:80,5,1,14
BRDA:86,6,0,7
BRDA:86,6,1,7
BRDA:100,7,0,0
BRDA:100,7,1,5
BRDA:109,8,0,0
BRDA:111,9,0,1
BRDA:111,9,1,0
BRDA:115,10,0,1
BRDA:115,10,1,0
BRDA:120,11,0,0
BRDA:120,11,1,1
BRDA:138,12,0,0
BRDA:138,12,1,1
BRDA:147,13,0,0
BRDA:156,14,0,0
BRDA:156,14,1,2
BRDA:165,15,0,1
BRDA:169,16,0,0
BRDA:169,16,1,6
BRDA:182,17,0,0
BRDA:182,17,1,0
BRDA:192,18,0,6
BRDA:192,18,1,0
BRDA:194,19,0,0
BRDA:194,19,1,4
BRF:36
BRH:17
end_of_record
TN:
SF:server.js
FN:17,(anonymous_0)
FN:47,(anonymous_1)
FN:55,(anonymous_2)
FN:77,(anonymous_3)
FN:90,(anonymous_4)
FN:114,(anonymous_5)
FN:140,(anonymous_6)
FN:158,(anonymous_7)
FN:213,(anonymous_8)
FN:237,(anonymous_9)
FN:261,(anonymous_10)
FN:289,(anonymous_11)
FN:304,(anonymous_12)
FN:337,(anonymous_13)
FN:359,(anonymous_14)
FN:392,(anonymous_15)
FN:402,(anonymous_16)
FN:410,(anonymous_17)
FN:428,(anonymous_18)
FN:438,(anonymous_19)
FN:457,(anonymous_20)
FN:471,(anonymous_21)
FN:496,(anonymous_22)
FN:534,(anonymous_23)
FN:570,(anonymous_24)
FN:579,(anonymous_25)
FN:583,(anonymous_26)
FN:588,(anonymous_27)
FN:607,(anonymous_28)
FN:630,(anonymous_29)
FN:640,(anonymous_30)
FN:641,(anonymous_31)
FNF:32
FNH:7
FNDA:1,(anonymous_0)
FNDA:0,(anonymous_1)
FNDA:0,(anonymous_2)
FNDA:0,(anonymous_3)
FNDA:0,(anonymous_4)
FNDA:1,(anonymous_5)
FNDA:3,(anonymous_6)
FNDA:0,(anonymous_7)
FNDA:0,(anonymous_8)
FNDA:0,(anonymous_9)
FNDA:0,(anonymous_10)
FNDA:0,(anonymous_11)
FNDA:0,(anonymous_12)
FNDA:0,(anonymous_13)
FNDA:0,(anonymous_14)
FNDA:1,(anonymous_15)
FNDA:1,(anonymous_16)
FNDA:2,(anonymous_17)
FNDA:0,(anonymous_18)
FNDA:0,(anonymous_19)
FNDA:0,(anonymous_20)
FNDA:0,(anonymous_21)
FNDA:0,(anonymous_22)
FNDA:0,(anonymous_23)
FNDA:0,(anonymous_24)
FNDA:0,(anonymous_25)
FNDA:0,(anonymous_26)
FNDA:1,(anonymous_27)
FNDA:0,(anonymous_28)
FNDA:0,(anonymous_29)
FNDA:0,(anonymous_30)
FNDA:0,(anonymous_31)
DA:1,1
DA:2,1
DA:3,1
DA:4,1
DA:6,1
DA:7,1
DA:13,1
DA:14,1
DA:15,1
DA:17,1
DA:18,1
DA:19,1
DA:21,1
DA:24,1
DA:26,1
DA:27,0
DA:28,0
DA:31,1
DA:37,1
DA:38,1
DA:41,0
DA:42,0
DA:43,0
DA:47,1
DA:48,0
DA:50,0
DA:51,0
DA:54,0
DA:55,0
DA:56,0
DA:60,0
DA:61,0
DA:62,0
DA:65,0
DA:68,0
DA:69,0
DA:71,0
DA:73,0
DA:74,0
DA:77,0
DA:78,0
DA:83,0
DA:84,0
DA:85,0
DA:88,0
DA:89,0
DA:90,0
DA:91,0
DA:92,0
DA:93,0
DA:95,0
DA:96,0
DA:97,0
DA:100,0
DA:105,0
DA:106,0
DA:110,0
DA:114,1
DA:115,1
DA:116,1
DA:117,1
DA:118,1
DA:120,1
DA:121,1
DA:122,1
DA:125,1
DA:128,1
DA:129,1
DA:131,0
DA:135,0
DA:136,0
DA:140,1
DA:141,3
DA:142,3
DA:144,3
DA:145,2
DA:149,1
DA:152,1
DA:153,1
DA:155,1
DA:156,1
DA:158,1
DA:159,0
DA:160,0
DA:161,0
DA:165,0
DA:169,0
DA:171,0
DA:175,1
DA:178,0
DA:180,0
DA:181,0
DA:182,0
DA:183,0
DA:187,0
DA:188,0
DA:191,0
DA:201,0
DA:202,0
DA:204,0
DA:207,0
DA:208,0
DA:209,0
DA:213,1
DA:214,0
DA:215,0
DA:217,0
DA:218,0
DA:219,0
DA:221,0
DA:222,0
DA:233,0
DA:234,0
DA:237,1
DA:238,0
DA:239,0
DA:241,0
DA:242,0
DA:243,0
DA:245,0
DA:246,0
DA:257,0
DA:258,0
DA:261,1
DA:262,0
DA:263,0
DA:265,0
DA:266,0
DA:267,0
DA:268,0
DA:269,0
DA:271,0
DA:272,0
DA:274,0
DA:275,0
DA:278,0
DA:279,0
DA:282,0
DA:284,0
DA:285,0
DA:289,1
DA:290,0
DA:291,0
DA:293,0
DA:295,0
DA:297,0
DA:299,0
DA:300,0
DA:304,1
DA:305,0
DA:312,0
DA:314,0
DA:315,0
DA:316,0
DA:317,0
DA:318,0
DA:319,0
DA:320,0
DA:322,0
DA:324,0
DA:325,0
DA:326,0
DA:327,0
DA:328,0
DA:329,0
DA:331,0
DA:333,0
DA:335,0
DA:336,0
DA:337,0
DA:339,0
DA:340,0
DA:341,0
DA:342,0
DA:343,0
DA:344,0
DA:345,0
DA:348,0
DA:352,0
DA:354,0
DA:355,0
DA:359,1
DA:360,0
DA:361,0
DA:362,0
DA:365,0
DA:366,0
DA:368,0
DA:375,0
DA:380,0
DA:382,0
DA:387,0
DA:388,0
DA:392,1
DA:393,1
DA:394,1
DA:395,1
DA:397,0
DA:398,0
DA:402,1
DA:403,1
DA:410,1
DA:411,2
DA:412,2
DA:414,2
DA:415,1
DA:418,1
DA:419,1
DA:421,1
DA:423,0
DA:424,0
DA:428,1
DA:429,0
DA:430,0
DA:431,0
DA:433,0
DA:434,0
DA:438,1
DA:439,0
DA:440,0
DA:442,0
DA:443,0
DA:446,0
DA:447,0
DA:450,0
DA:453,0
DA:455,0
DA:457,0
DA:458,0
DA:463,0
DA:464,0
DA:466,0
DA:468,0
DA:469,0
DA:470,0
DA:471,0
DA:472,0
DA:473,0
DA:474,0
DA:476,0
DA:479,0
DA:480,0
DA:483,0
DA:486,0
DA:487,0
DA:491,0
DA:492,0
DA:496,1
DA:497,0
DA:498,0
DA:500,0
DA:501,0
DA:504,0
DA:505,0
DA:508,0
DA:510,0
DA:512,0
DA:513,0
DA:516,0
DA:517,0
DA:518,0
DA:519,0
DA:520,0
DA:523,0
DA:526,0
DA:528,0
DA:531,0
DA:532,0
DA:533,0
DA:534,0
DA:535,0
DA:538,0
DA:542,0
DA:543,0
DA:544,0
DA:545,0
DA:546,0
DA:547,0
DA:548,0
DA:549,0
DA:550,0
DA:552,0
DA:556,0
DA:557,0
DA:558,0
DA:560,0
DA:561,0
DA:565,0
DA:566,0
DA:570,1
DA:571,0
DA:577,0
DA:579,0
DA:580,0
DA:583,0
DA:584,0
DA:588,1
DA:589,1
DA:596,1
DA:597,1
DA:598,1
DA:600,0
DA:604,1
DA:607,1
DA:608,0
DA:630,1
DA:631,0
DA:632,0
DA:633,0
DA:635,0
DA:639,1
DA:640,0
DA:641,0
DA:642,0
DA:643,0
DA:648,1
DA:651,1
LF:317
LH:77
BRDA:7,0,0,1
BRDA:7,0,1,0
BRDA:19,1,0,0
BRDA:19,1,1,1
BRDA:26,2,0,0
BRDA:26,2,1,1
BRDA:48,3,0,0
BRDA:48,3,1,0
BRDA:48,4,0,0
BRDA:48,4,1,0
BRDA:56,5,0,0
BRDA:56,5,1,0
BRDA:60,6,0,0
BRDA:60,6,1,0
BRDA:74,7,0,0
BRDA:74,7,1,0
BRDA:78,8,0,0
BRDA:78,8,1,0
BRDA:78,8,2,0
BRDA:83,9,0,0
BRDA:83,9,1,0
BRDA:83,10,0,0
BRDA:83,10,1,0
BRDA:89,11,0,0
BRDA:89,11,1,0
BRDA:105,12,0,0
BRDA:105,12,1,0
BRDA:116,13,0,1
BRDA:116,13,1,0
BRDA:120,14,0,1
BRDA:120,14,1,0
BRDA:120,15,0,1
BRDA:120,15,1,1
BRDA:144,16,0,2
BRDA:144,16,1,1
BRDA:144,17,0,3
BRDA:144,17,1,2
BRDA:149,18,0,1
BRDA:149,18,1,1
BRDA:149,19,0,1
BRDA:149,19,1,0
BRDA:150,20,0,0
BRDA:150,20,1,0
BRDA:152,21,0,1
BRDA:152,21,1,0
BRDA:178,22,0,0
BRDA:178,22,1,0
BRDA:187,23,0,0
BRDA:187,23,1,0
BRDA:209,24,0,0
BRDA:209,24,1,0
BRDA:217,25,0,0
BRDA:217,25,1,0
BRDA:241,26,0,0
BRDA:241,26,1,0
BRDA:272,27,0,0
BRDA:272,27,1,0
BRDA:278,28,0,0
BRDA:278,28,1,0
BRDA:293,29,0,0
BRDA:293,29,1,0
BRDA:322,30,0,0
BRDA:322,30,1,0
BRDA:324,31,0,0
BRDA:324,31,1,0
BRDA:324,32,0,0
BRDA:324,32,1,0
BRDA:327,33,0,0
BRDA:327,33,1,0
BRDA:333,34,0,0
BRDA:333,34,1,0
BRDA:339,35,0,0
BRDA:339,35,1,0
BRDA:340,36,0,0
BRDA:340,36,1,0
BRDA:340,37,0,0
BRDA:340,37,1,0
BRDA:343,38,0,0
BRDA:343,38,1,0
BRDA:361,39,0,0
BRDA:361,39,1,0
BRDA:370,40,0,0
BRDA:370,40,1,0
BRDA:371,41,0,0
BRDA:371,41,1,0
BRDA:414,42,0,1
BRDA:414,42,1,1
BRDA:414,43,0,2
BRDA:414,43,1,1
BRDA:442,44,0,0
BRDA:442,44,1,0
BRDA:442,45,0,0
BRDA:442,45,1,0
BRDA:446,46,0,0
BRDA:446,46,1,0
BRDA:458,47,0,0
BRDA:458,47,1,0
BRDA:458,47,2,0
BRDA:463,48,0,0
BRDA:463,48,1,0
BRDA:466,49,0,0
BRDA:466,49,1,0
BRDA:470,50,0,0
BRDA:470,50,1,0
BRDA:500,51,0,0
BRDA:500,51,1,0
BRDA:500,52,0,0
BRDA:500,52,1,0
BRDA:504,53,0,0
BRDA:504,53,1,0
BRDA:519,54,0,0
BRDA:519,54,1,0
BRDA:526,55,0,0
BRDA:526,55,1,0
BRDA:533,56,0,0
BRDA:533,56,1,0
BRDA:542,57,0,0
BRDA:542,57,1,0
BRDA:543,58,0,0
BRDA:543,58,1,0
BRDA:543,59,0,0
BRDA:543,59,1,0
BRDA:545,60,0,0
BRDA:545,60,1,0
BRDA:545,61,0,0
BRDA:545,61,1,0
BRDA:547,62,0,0
BRDA:547,62,1,0
BRDA:549,63,0,0
BRDA:549,63,1,0
BRDA:590,64,0,1
BRDA:590,64,1,0
BRDA:591,65,0,0
BRDA:591,65,1,1
BRDA:596,66,0,1
BRDA:596,66,1,0
BRDA:632,67,0,0
BRDA:632,67,1,0
BRDA:639,68,0,0
BRDA:639,68,1,1
BRF:140
BRH:23
end_of_record
